#
# There is insufficient memory for the Java Runtime Environment to continue.
# Native memory allocation (malloc) failed to allocate 153056 bytes for Chunk::new
# Possible reasons:
#   The system is out of physical RAM or swap space
#   The process is running with CompressedOops enabled, and the Java Heap may be blocking the growth of the native heap
# Possible solutions:
#   Reduce memory load on the system
#   Increase physical memory or swap space
#   Check if swap backing store is full
#   Decrease Java heap size (-Xmx/-Xms)
#   Decrease number of Java threads
#   Decrease Java thread stack sizes (-Xss)
#   Set larger code cache with -XX:ReservedCodeCacheSize=
#   JVM is running with Unscaled Compressed Oops mode in which the Java heap is
#     placed in the first 4GB address space. The Java Heap base address is the
#     maximum limit for the native heap growth. Please use -XX:HeapBaseMinAddress
#     to set the Java Heap base and to place the Java Heap above 4GB virtual address.
# This output file may be truncated or incomplete.
#
#  Out of Memory Error (arena.cpp:184), pid=24672, tid=31100
#
# JRE version: Java(TM) SE Runtime Environment (19.0.2+7) (build 19.0.2+7-44)
# Java VM: Java HotSpot(TM) 64-Bit Server VM (19.0.2+7-44, mixed mode, tiered, compressed oops, compressed class ptrs, g1 gc, windows-amd64)
# No core dump will be written. Minidumps are not enabled by default on client versions of Windows
#

---------------  S U M M A R Y ------------

Command Line: -Dfile.encoding=UTF-8 --module-path=C:\Users\Dell\OneDrive\Documents\NetBeansProjects\Traffic Management System\build\classes traffic.management.system.AddPerson

Host: 11th Gen Intel(R) Core(TM) i5-1135G7 @ 2.40GHz, 8 cores, 7G,  Windows 11 , 64 bit Build 22621 (10.0.22621.2070)
Time: Sun Sep  3 03:17:37 2023 India Standard Time elapsed time: 0.129274 seconds (0d 0h 0m 0s)

---------------  T H R E A D  ---------------

Current thread (0x000001b93946c2a0):  JavaThread "C2 CompilerThread0" daemon [_thread_in_native, id=31100, stack(0x0000008818800000,0x0000008818900000)]


Current CompileTask:
C2:    129  196       4       java.util.HashMap::putVal (300 bytes)

Stack: [0x0000008818800000,0x0000008818900000]
Native frames: (J=compiled Java code, j=interpreted, Vv=VM code, C=native code)
V  [jvm.dll+0x6ee21a]
V  [jvm.dll+0x85765e]
V  [jvm.dll+0x85904e]
V  [jvm.dll+0x859703]
V  [jvm.dll+0x28298f]
V  [jvm.dll+0xc9adf]
V  [jvm.dll+0xc9e65]
V  [jvm.dll+0x2f7caf]
V  [jvm.dll+0x5f076b]
V  [jvm.dll+0x25590c]
V  [jvm.dll+0x24e1a7]
V  [jvm.dll+0x24b673]
V  [jvm.dll+0x1d6ce1]
V  [jvm.dll+0x25b25a]
V  [jvm.dll+0x2596e8]
V  [jvm.dll+0x807588]
V  [jvm.dll+0x80125a]
V  [jvm.dll+0x6ecf0b]
C  [ucrtbase.dll+0x29363]
C  [KERNEL32.DLL+0x126ad]
C  [ntdll.dll+0x5aa68]


---------------  P R O C E S S  ---------------

Threads class SMR info:
_java_thread_list=0x000001b9396af8d0, length=12, elements={
0x000001b9169b6330, 0x000001b93506cd20, 0x000001b93506d740, 0x000001b939469750,
0x000001b93944f3e0, 0x000001b93944fd10, 0x000001b939450640, 0x000001b93946c2a0,
0x000001b93948d4b0, 0x000001b939490e40, 0x000001b93962c5a0, 0x000001b93962b5b0
}

Java Threads: ( => current thread )
  0x000001b9169b6330 JavaThread "main" [_thread_in_vm, id=19544, stack(0x0000008817b00000,0x0000008817c00000)]
  0x000001b93506cd20 JavaThread "Reference Handler" daemon [_thread_blocked, id=31280, stack(0x0000008818200000,0x0000008818300000)]
  0x000001b93506d740 JavaThread "Finalizer" daemon [_thread_blocked, id=31580, stack(0x0000008818300000,0x0000008818400000)]
  0x000001b939469750 JavaThread "Signal Dispatcher" daemon [_thread_blocked, id=31272, stack(0x0000008818400000,0x0000008818500000)]
  0x000001b93944f3e0 JavaThread "Attach Listener" daemon [_thread_blocked, id=20584, stack(0x0000008818500000,0x0000008818600000)]
  0x000001b93944fd10 JavaThread "Service Thread" daemon [_thread_blocked, id=9456, stack(0x0000008818600000,0x0000008818700000)]
  0x000001b939450640 JavaThread "Monitor Deflation Thread" daemon [_thread_blocked, id=24632, stack(0x0000008818700000,0x0000008818800000)]
=>0x000001b93946c2a0 JavaThread "C2 CompilerThread0" daemon [_thread_in_native, id=31100, stack(0x0000008818800000,0x0000008818900000)]
  0x000001b93948d4b0 JavaThread "C1 CompilerThread0" daemon [_thread_blocked, id=31024, stack(0x0000008818900000,0x0000008818a00000)]
  0x000001b939490e40 JavaThread "Sweeper thread" daemon [_thread_blocked, id=18560, stack(0x0000008818a00000,0x0000008818b00000)]
  0x000001b93962c5a0 JavaThread "Common-Cleaner" daemon [_thread_blocked, id=30128, stack(0x0000008818b00000,0x0000008818c00000)]
  0x000001b93962b5b0 JavaThread "Notification Thread" daemon [_thread_blocked, id=30804, stack(0x0000008818c00000,0x0000008818d00000)]

Other Threads:
  0x000001b9350021c0 VMThread "VM Thread" [stack: 0x0000008818100000,0x0000008818200000] [id=24908]
  0x000001b939758750 WatcherThread "VM Periodic Task Thread" [stack: 0x0000008818d00000,0x0000008818e00000] [id=27864]
  0x000001b916a15f50 WorkerThread "GC Thread#0" [stack: 0x0000008817c00000,0x0000008817d00000] [id=30896]
  0x000001b916a26670 ConcurrentGCThread "G1 Main Marker" [stack: 0x0000008817d00000,0x0000008817e00000] [id=8064]
  0x000001b916a270a0 WorkerThread "G1 Conc#0" [stack: 0x0000008817e00000,0x0000008817f00000] [id=25248]
  0x000001b916a7e580 ConcurrentGCThread "G1 Refine#0" [stack: 0x0000008817f00000,0x0000008818000000] [id=13724]
  0x000001b934eb0140 ConcurrentGCThread "G1 Service" [stack: 0x0000008818000000,0x0000008818100000] [id=29844]

Threads with active compile tasks:
C2 CompilerThread0      139  196       4       java.util.HashMap::putVal (300 bytes)

VM state: not at safepoint (normal execution)

VM Mutex/Monitor currently owned by a thread:  ([mutex/lock_event])
[0x000001b9169af3b0] Metaspace_lock - owner thread: 0x000001b9169b6330

Heap address: 0x0000000084200000, size: 1982 MB, Compressed Oops mode: 32-bit

CDS archive(s) not mapped
Compressed class space mapped at: 0x0000000100000000-0x0000000140000000, reserved size: 1073741824
Narrow klass base: 0x0000000000000000, Narrow klass shift: 3, Narrow klass range: 0x140000000

GC Precious Log:
 CardTable entry size: 512
 Card Set container configuration: InlinePtr #cards 5 size 8 Array Of Cards #cards 12 size 40 Howl #buckets 4 coarsen threshold 1843 Howl Bitmap #cards 512 size 80 coarsen threshold 460 Card regions per heap region 1 cards per card region 2048
 CPUs: 8 total, 8 available
 Memory: 7926M
 Large Page Support: Disabled
 NUMA Support: Disabled
 Compressed Oops: Enabled (32-bit)
 Heap Region Size: 1M
 Heap Min Capacity: 8M
 Heap Initial Capacity: 124M
 Heap Max Capacity: 1982M
 Pre-touch: Disabled
 Parallel Workers: 8
 Concurrent Workers: 2
 Concurrent Refinement Workers: 8
 Periodic GC: Disabled

Heap:
 garbage-first heap   total 126976K, used 2048K [0x0000000084200000, 0x0000000100000000)
  region size 1024K, 3 young (3072K), 0 survivors (0K)
 Metaspace       used 6407K, committed 6528K, reserved 1114112K
  class space    used 517K, committed 576K, reserved 1048576K

Heap Regions: E=young(eden), S=young(survivor), O=old, HS=humongous(starts), HC=humongous(continues), CS=collection set, F=free, OA=open archive, CA=closed archive, TAMS=top-at-mark-start (previous, next)
|   0|0x0000000084200000, 0x0000000084200000, 0x0000000084300000|  0%| F|  |TAMS 0x0000000084200000, 0x0000000084200000| Untracked 
|   1|0x0000000084300000, 0x0000000084300000, 0x0000000084400000|  0%| F|  |TAMS 0x0000000084300000, 0x0000000084300000| Untracked 
|   2|0x0000000084400000, 0x0000000084400000, 0x0000000084500000|  0%| F|  |TAMS 0x0000000084400000, 0x0000000084400000| Untracked 
|   3|0x0000000084500000, 0x0000000084500000, 0x0000000084600000|  0%| F|  |TAMS 0x0000000084500000, 0x0000000084500000| Untracked 
|   4|0x0000000084600000, 0x0000000084600000, 0x0000000084700000|  0%| F|  |TAMS 0x0000000084600000, 0x0000000084600000| Untracked 
|   5|0x0000000084700000, 0x0000000084700000, 0x0000000084800000|  0%| F|  |TAMS 0x0000000084700000, 0x0000000084700000| Untracked 
|   6|0x0000000084800000, 0x0000000084800000, 0x0000000084900000|  0%| F|  |TAMS 0x0000000084800000, 0x0000000084800000| Untracked 
|   7|0x0000000084900000, 0x0000000084900000, 0x0000000084a00000|  0%| F|  |TAMS 0x0000000084900000, 0x0000000084900000| Untracked 
|   8|0x0000000084a00000, 0x0000000084a00000, 0x0000000084b00000|  0%| F|  |TAMS 0x0000000084a00000, 0x0000000084a00000| Untracked 
|   9|0x0000000084b00000, 0x0000000084b00000, 0x0000000084c00000|  0%| F|  |TAMS 0x0000000084b00000, 0x0000000084b00000| Untracked 
|  10|0x0000000084c00000, 0x0000000084c00000, 0x0000000084d00000|  0%| F|  |TAMS 0x0000000084c00000, 0x0000000084c00000| Untracked 
|  11|0x0000000084d00000, 0x0000000084d00000, 0x0000000084e00000|  0%| F|  |TAMS 0x0000000084d00000, 0x0000000084d00000| Untracked 
|  12|0x0000000084e00000, 0x0000000084e00000, 0x0000000084f00000|  0%| F|  |TAMS 0x0000000084e00000, 0x0000000084e00000| Untracked 
|  13|0x0000000084f00000, 0x0000000084f00000, 0x0000000085000000|  0%| F|  |TAMS 0x0000000084f00000, 0x0000000084f00000| Untracked 
|  14|0x0000000085000000, 0x0000000085000000, 0x0000000085100000|  0%| F|  |TAMS 0x0000000085000000, 0x0000000085000000| Untracked 
|  15|0x0000000085100000, 0x0000000085100000, 0x0000000085200000|  0%| F|  |TAMS 0x0000000085100000, 0x0000000085100000| Untracked 
|  16|0x0000000085200000, 0x0000000085200000, 0x0000000085300000|  0%| F|  |TAMS 0x0000000085200000, 0x0000000085200000| Untracked 
|  17|0x0000000085300000, 0x0000000085300000, 0x0000000085400000|  0%| F|  |TAMS 0x0000000085300000, 0x0000000085300000| Untracked 
|  18|0x0000000085400000, 0x0000000085400000, 0x0000000085500000|  0%| F|  |TAMS 0x0000000085400000, 0x0000000085400000| Untracked 
|  19|0x0000000085500000, 0x0000000085500000, 0x0000000085600000|  0%| F|  |TAMS 0x0000000085500000, 0x0000000085500000| Untracked 
|  20|0x0000000085600000, 0x0000000085600000, 0x0000000085700000|  0%| F|  |TAMS 0x0000000085600000, 0x0000000085600000| Untracked 
|  21|0x0000000085700000, 0x0000000085700000, 0x0000000085800000|  0%| F|  |TAMS 0x0000000085700000, 0x0000000085700000| Untracked 
|  22|0x0000000085800000, 0x0000000085800000, 0x0000000085900000|  0%| F|  |TAMS 0x0000000085800000, 0x0000000085800000| Untracked 
|  23|0x0000000085900000, 0x0000000085900000, 0x0000000085a00000|  0%| F|  |TAMS 0x0000000085900000, 0x0000000085900000| Untracked 
|  24|0x0000000085a00000, 0x0000000085a00000, 0x0000000085b00000|  0%| F|  |TAMS 0x0000000085a00000, 0x0000000085a00000| Untracked 
|  25|0x0000000085b00000, 0x0000000085b00000, 0x0000000085c00000|  0%| F|  |TAMS 0x0000000085b00000, 0x0000000085b00000| Untracked 
|  26|0x0000000085c00000, 0x0000000085c00000, 0x0000000085d00000|  0%| F|  |TAMS 0x0000000085c00000, 0x0000000085c00000| Untracked 
|  27|0x0000000085d00000, 0x0000000085d00000, 0x0000000085e00000|  0%| F|  |TAMS 0x0000000085d00000, 0x0000000085d00000| Untracked 
|  28|0x0000000085e00000, 0x0000000085e00000, 0x0000000085f00000|  0%| F|  |TAMS 0x0000000085e00000, 0x0000000085e00000| Untracked 
|  29|0x0000000085f00000, 0x0000000085f00000, 0x0000000086000000|  0%| F|  |TAMS 0x0000000085f00000, 0x0000000085f00000| Untracked 
|  30|0x0000000086000000, 0x0000000086000000, 0x0000000086100000|  0%| F|  |TAMS 0x0000000086000000, 0x0000000086000000| Untracked 
|  31|0x0000000086100000, 0x0000000086100000, 0x0000000086200000|  0%| F|  |TAMS 0x0000000086100000, 0x0000000086100000| Untracked 
|  32|0x0000000086200000, 0x0000000086200000, 0x0000000086300000|  0%| F|  |TAMS 0x0000000086200000, 0x0000000086200000| Untracked 
|  33|0x0000000086300000, 0x0000000086300000, 0x0000000086400000|  0%| F|  |TAMS 0x0000000086300000, 0x0000000086300000| Untracked 
|  34|0x0000000086400000, 0x0000000086400000, 0x0000000086500000|  0%| F|  |TAMS 0x0000000086400000, 0x0000000086400000| Untracked 
|  35|0x0000000086500000, 0x0000000086500000, 0x0000000086600000|  0%| F|  |TAMS 0x0000000086500000, 0x0000000086500000| Untracked 
|  36|0x0000000086600000, 0x0000000086600000, 0x0000000086700000|  0%| F|  |TAMS 0x0000000086600000, 0x0000000086600000| Untracked 
|  37|0x0000000086700000, 0x0000000086700000, 0x0000000086800000|  0%| F|  |TAMS 0x0000000086700000, 0x0000000086700000| Untracked 
|  38|0x0000000086800000, 0x0000000086800000, 0x0000000086900000|  0%| F|  |TAMS 0x0000000086800000, 0x0000000086800000| Untracked 
|  39|0x0000000086900000, 0x0000000086900000, 0x0000000086a00000|  0%| F|  |TAMS 0x0000000086900000, 0x0000000086900000| Untracked 
|  40|0x0000000086a00000, 0x0000000086a00000, 0x0000000086b00000|  0%| F|  |TAMS 0x0000000086a00000, 0x0000000086a00000| Untracked 
|  41|0x0000000086b00000, 0x0000000086b00000, 0x0000000086c00000|  0%| F|  |TAMS 0x0000000086b00000, 0x0000000086b00000| Untracked 
|  42|0x0000000086c00000, 0x0000000086c00000, 0x0000000086d00000|  0%| F|  |TAMS 0x0000000086c00000, 0x0000000086c00000| Untracked 
|  43|0x0000000086d00000, 0x0000000086d00000, 0x0000000086e00000|  0%| F|  |TAMS 0x0000000086d00000, 0x0000000086d00000| Untracked 
|  44|0x0000000086e00000, 0x0000000086e00000, 0x0000000086f00000|  0%| F|  |TAMS 0x0000000086e00000, 0x0000000086e00000| Untracked 
|  45|0x0000000086f00000, 0x0000000086f00000, 0x0000000087000000|  0%| F|  |TAMS 0x0000000086f00000, 0x0000000086f00000| Untracked 
|  46|0x0000000087000000, 0x0000000087000000, 0x0000000087100000|  0%| F|  |TAMS 0x0000000087000000, 0x0000000087000000| Untracked 
|  47|0x0000000087100000, 0x0000000087100000, 0x0000000087200000|  0%| F|  |TAMS 0x0000000087100000, 0x0000000087100000| Untracked 
|  48|0x0000000087200000, 0x0000000087200000, 0x0000000087300000|  0%| F|  |TAMS 0x0000000087200000, 0x0000000087200000| Untracked 
|  49|0x0000000087300000, 0x0000000087300000, 0x0000000087400000|  0%| F|  |TAMS 0x0000000087300000, 0x0000000087300000| Untracked 
|  50|0x0000000087400000, 0x0000000087400000, 0x0000000087500000|  0%| F|  |TAMS 0x0000000087400000, 0x0000000087400000| Untracked 
|  51|0x0000000087500000, 0x0000000087500000, 0x0000000087600000|  0%| F|  |TAMS 0x0000000087500000, 0x0000000087500000| Untracked 
|  52|0x0000000087600000, 0x0000000087600000, 0x0000000087700000|  0%| F|  |TAMS 0x0000000087600000, 0x0000000087600000| Untracked 
|  53|0x0000000087700000, 0x0000000087700000, 0x0000000087800000|  0%| F|  |TAMS 0x0000000087700000, 0x0000000087700000| Untracked 
|  54|0x0000000087800000, 0x0000000087800000, 0x0000000087900000|  0%| F|  |TAMS 0x0000000087800000, 0x0000000087800000| Untracked 
|  55|0x0000000087900000, 0x0000000087900000, 0x0000000087a00000|  0%| F|  |TAMS 0x0000000087900000, 0x0000000087900000| Untracked 
|  56|0x0000000087a00000, 0x0000000087a00000, 0x0000000087b00000|  0%| F|  |TAMS 0x0000000087a00000, 0x0000000087a00000| Untracked 
|  57|0x0000000087b00000, 0x0000000087b00000, 0x0000000087c00000|  0%| F|  |TAMS 0x0000000087b00000, 0x0000000087b00000| Untracked 
|  58|0x0000000087c00000, 0x0000000087c00000, 0x0000000087d00000|  0%| F|  |TAMS 0x0000000087c00000, 0x0000000087c00000| Untracked 
|  59|0x0000000087d00000, 0x0000000087d00000, 0x0000000087e00000|  0%| F|  |TAMS 0x0000000087d00000, 0x0000000087d00000| Untracked 
|  60|0x0000000087e00000, 0x0000000087e00000, 0x0000000087f00000|  0%| F|  |TAMS 0x0000000087e00000, 0x0000000087e00000| Untracked 
|  61|0x0000000087f00000, 0x0000000087f00000, 0x0000000088000000|  0%| F|  |TAMS 0x0000000087f00000, 0x0000000087f00000| Untracked 
|  62|0x0000000088000000, 0x0000000088000000, 0x0000000088100000|  0%| F|  |TAMS 0x0000000088000000, 0x0000000088000000| Untracked 
|  63|0x0000000088100000, 0x0000000088100000, 0x0000000088200000|  0%| F|  |TAMS 0x0000000088100000, 0x0000000088100000| Untracked 
|  64|0x0000000088200000, 0x0000000088200000, 0x0000000088300000|  0%| F|  |TAMS 0x0000000088200000, 0x0000000088200000| Untracked 
|  65|0x0000000088300000, 0x0000000088300000, 0x0000000088400000|  0%| F|  |TAMS 0x0000000088300000, 0x0000000088300000| Untracked 
|  66|0x0000000088400000, 0x0000000088400000, 0x0000000088500000|  0%| F|  |TAMS 0x0000000088400000, 0x0000000088400000| Untracked 
|  67|0x0000000088500000, 0x0000000088500000, 0x0000000088600000|  0%| F|  |TAMS 0x0000000088500000, 0x0000000088500000| Untracked 
|  68|0x0000000088600000, 0x0000000088600000, 0x0000000088700000|  0%| F|  |TAMS 0x0000000088600000, 0x0000000088600000| Untracked 
|  69|0x0000000088700000, 0x0000000088700000, 0x0000000088800000|  0%| F|  |TAMS 0x0000000088700000, 0x0000000088700000| Untracked 
|  70|0x0000000088800000, 0x0000000088800000, 0x0000000088900000|  0%| F|  |TAMS 0x0000000088800000, 0x0000000088800000| Untracked 
|  71|0x0000000088900000, 0x0000000088900000, 0x0000000088a00000|  0%| F|  |TAMS 0x0000000088900000, 0x0000000088900000| Untracked 
|  72|0x0000000088a00000, 0x0000000088a00000, 0x0000000088b00000|  0%| F|  |TAMS 0x0000000088a00000, 0x0000000088a00000| Untracked 
|  73|0x0000000088b00000, 0x0000000088b00000, 0x0000000088c00000|  0%| F|  |TAMS 0x0000000088b00000, 0x0000000088b00000| Untracked 
|  74|0x0000000088c00000, 0x0000000088c00000, 0x0000000088d00000|  0%| F|  |TAMS 0x0000000088c00000, 0x0000000088c00000| Untracked 
|  75|0x0000000088d00000, 0x0000000088d00000, 0x0000000088e00000|  0%| F|  |TAMS 0x0000000088d00000, 0x0000000088d00000| Untracked 
|  76|0x0000000088e00000, 0x0000000088e00000, 0x0000000088f00000|  0%| F|  |TAMS 0x0000000088e00000, 0x0000000088e00000| Untracked 
|  77|0x0000000088f00000, 0x0000000088f00000, 0x0000000089000000|  0%| F|  |TAMS 0x0000000088f00000, 0x0000000088f00000| Untracked 
|  78|0x0000000089000000, 0x0000000089000000, 0x0000000089100000|  0%| F|  |TAMS 0x0000000089000000, 0x0000000089000000| Untracked 
|  79|0x0000000089100000, 0x0000000089100000, 0x0000000089200000|  0%| F|  |TAMS 0x0000000089100000, 0x0000000089100000| Untracked 
|  80|0x0000000089200000, 0x0000000089200000, 0x0000000089300000|  0%| F|  |TAMS 0x0000000089200000, 0x0000000089200000| Untracked 
|  81|0x0000000089300000, 0x0000000089300000, 0x0000000089400000|  0%| F|  |TAMS 0x0000000089300000, 0x0000000089300000| Untracked 
|  82|0x0000000089400000, 0x0000000089400000, 0x0000000089500000|  0%| F|  |TAMS 0x0000000089400000, 0x0000000089400000| Untracked 
|  83|0x0000000089500000, 0x0000000089500000, 0x0000000089600000|  0%| F|  |TAMS 0x0000000089500000, 0x0000000089500000| Untracked 
|  84|0x0000000089600000, 0x0000000089600000, 0x0000000089700000|  0%| F|  |TAMS 0x0000000089600000, 0x0000000089600000| Untracked 
|  85|0x0000000089700000, 0x0000000089700000, 0x0000000089800000|  0%| F|  |TAMS 0x0000000089700000, 0x0000000089700000| Untracked 
|  86|0x0000000089800000, 0x0000000089800000, 0x0000000089900000|  0%| F|  |TAMS 0x0000000089800000, 0x0000000089800000| Untracked 
|  87|0x0000000089900000, 0x0000000089900000, 0x0000000089a00000|  0%| F|  |TAMS 0x0000000089900000, 0x0000000089900000| Untracked 
|  88|0x0000000089a00000, 0x0000000089a00000, 0x0000000089b00000|  0%| F|  |TAMS 0x0000000089a00000, 0x0000000089a00000| Untracked 
|  89|0x0000000089b00000, 0x0000000089b00000, 0x0000000089c00000|  0%| F|  |TAMS 0x0000000089b00000, 0x0000000089b00000| Untracked 
|  90|0x0000000089c00000, 0x0000000089c00000, 0x0000000089d00000|  0%| F|  |TAMS 0x0000000089c00000, 0x0000000089c00000| Untracked 
|  91|0x0000000089d00000, 0x0000000089d00000, 0x0000000089e00000|  0%| F|  |TAMS 0x0000000089d00000, 0x0000000089d00000| Untracked 
|  92|0x0000000089e00000, 0x0000000089e00000, 0x0000000089f00000|  0%| F|  |TAMS 0x0000000089e00000, 0x0000000089e00000| Untracked 
|  93|0x0000000089f00000, 0x0000000089f00000, 0x000000008a000000|  0%| F|  |TAMS 0x0000000089f00000, 0x0000000089f00000| Untracked 
|  94|0x000000008a000000, 0x000000008a000000, 0x000000008a100000|  0%| F|  |TAMS 0x000000008a000000, 0x000000008a000000| Untracked 
|  95|0x000000008a100000, 0x000000008a100000, 0x000000008a200000|  0%| F|  |TAMS 0x000000008a100000, 0x000000008a100000| Untracked 
|  96|0x000000008a200000, 0x000000008a200000, 0x000000008a300000|  0%| F|  |TAMS 0x000000008a200000, 0x000000008a200000| Untracked 
|  97|0x000000008a300000, 0x000000008a300000, 0x000000008a400000|  0%| F|  |TAMS 0x000000008a300000, 0x000000008a300000| Untracked 
|  98|0x000000008a400000, 0x000000008a400000, 0x000000008a500000|  0%| F|  |TAMS 0x000000008a400000, 0x000000008a400000| Untracked 
|  99|0x000000008a500000, 0x000000008a500000, 0x000000008a600000|  0%| F|  |TAMS 0x000000008a500000, 0x000000008a500000| Untracked 
| 100|0x000000008a600000, 0x000000008a600000, 0x000000008a700000|  0%| F|  |TAMS 0x000000008a600000, 0x000000008a600000| Untracked 
| 101|0x000000008a700000, 0x000000008a700000, 0x000000008a800000|  0%| F|  |TAMS 0x000000008a700000, 0x000000008a700000| Untracked 
| 102|0x000000008a800000, 0x000000008a800000, 0x000000008a900000|  0%| F|  |TAMS 0x000000008a800000, 0x000000008a800000| Untracked 
| 103|0x000000008a900000, 0x000000008a900000, 0x000000008aa00000|  0%| F|  |TAMS 0x000000008a900000, 0x000000008a900000| Untracked 
| 104|0x000000008aa00000, 0x000000008aa00000, 0x000000008ab00000|  0%| F|  |TAMS 0x000000008aa00000, 0x000000008aa00000| Untracked 
| 105|0x000000008ab00000, 0x000000008ab00000, 0x000000008ac00000|  0%| F|  |TAMS 0x000000008ab00000, 0x000000008ab00000| Untracked 
| 106|0x000000008ac00000, 0x000000008ac00000, 0x000000008ad00000|  0%| F|  |TAMS 0x000000008ac00000, 0x000000008ac00000| Untracked 
| 107|0x000000008ad00000, 0x000000008ad00000, 0x000000008ae00000|  0%| F|  |TAMS 0x000000008ad00000, 0x000000008ad00000| Untracked 
| 108|0x000000008ae00000, 0x000000008ae00000, 0x000000008af00000|  0%| F|  |TAMS 0x000000008ae00000, 0x000000008ae00000| Untracked 
| 109|0x000000008af00000, 0x000000008af00000, 0x000000008b000000|  0%| F|  |TAMS 0x000000008af00000, 0x000000008af00000| Untracked 
| 110|0x000000008b000000, 0x000000008b000000, 0x000000008b100000|  0%| F|  |TAMS 0x000000008b000000, 0x000000008b000000| Untracked 
| 111|0x000000008b100000, 0x000000008b100000, 0x000000008b200000|  0%| F|  |TAMS 0x000000008b100000, 0x000000008b100000| Untracked 
| 112|0x000000008b200000, 0x000000008b200000, 0x000000008b300000|  0%| F|  |TAMS 0x000000008b200000, 0x000000008b200000| Untracked 
| 113|0x000000008b300000, 0x000000008b300000, 0x000000008b400000|  0%| F|  |TAMS 0x000000008b300000, 0x000000008b300000| Untracked 
| 114|0x000000008b400000, 0x000000008b400000, 0x000000008b500000|  0%| F|  |TAMS 0x000000008b400000, 0x000000008b400000| Untracked 
| 115|0x000000008b500000, 0x000000008b500000, 0x000000008b600000|  0%| F|  |TAMS 0x000000008b500000, 0x000000008b500000| Untracked 
| 116|0x000000008b600000, 0x000000008b600000, 0x000000008b700000|  0%| F|  |TAMS 0x000000008b600000, 0x000000008b600000| Untracked 
| 117|0x000000008b700000, 0x000000008b700000, 0x000000008b800000|  0%| F|  |TAMS 0x000000008b700000, 0x000000008b700000| Untracked 
| 118|0x000000008b800000, 0x000000008b800000, 0x000000008b900000|  0%| F|  |TAMS 0x000000008b800000, 0x000000008b800000| Untracked 
| 119|0x000000008b900000, 0x000000008b900000, 0x000000008ba00000|  0%| F|  |TAMS 0x000000008b900000, 0x000000008b900000| Untracked 
| 120|0x000000008ba00000, 0x000000008ba00000, 0x000000008bb00000|  0%| F|  |TAMS 0x000000008ba00000, 0x000000008ba00000| Untracked 
| 121|0x000000008bb00000, 0x000000008bbec0a0, 0x000000008bc00000| 92%| E|  |TAMS 0x000000008bb00000, 0x000000008bb00000| Complete 
| 122|0x000000008bc00000, 0x000000008bd00000, 0x000000008bd00000|100%| E|CS|TAMS 0x000000008bc00000, 0x000000008bc00000| Complete 
| 123|0x000000008bd00000, 0x000000008be00000, 0x000000008be00000|100%| E|CS|TAMS 0x000000008bd00000, 0x000000008bd00000| Complete 

Card table byte_map: [0x000001b92e030000,0x000001b92e410000] _byte_map_base: 0x000001b92dc0f000

Marking Bits (Prev, Next): (CMBitMap*) 0x000001b916a16580, (CMBitMap*) 0x000001b916a165c0
 Prev Bits: [0x000001b92e7f0000, 0x000001b9306e8000)
 Next Bits: [0x000001b9306f0000, 0x000001b9325e8000)

Polling page: 0x000001b914970000

Metaspace:

Usage:
  Non-class:      5.75 MB used.
      Class:    517.52 KB used.
       Both:      6.26 MB used.

Virtual space:
  Non-class space:       64.00 MB reserved,       5.81 MB (  9%) committed,  1 nodes.
      Class space:        1.00 GB reserved,     576.00 KB ( <1%) committed,  1 nodes.
             Both:        1.06 GB reserved,       6.38 MB ( <1%) committed. 

Chunk freelists:
   Non-Class:  2.12 MB
       Class:  3.25 MB
        Both:  5.37 MB

MaxMetaspaceSize: unlimited
CompressedClassSpaceSize: 1.00 GB
Initial GC threshold: 21.00 MB
Current GC threshold: 21.00 MB
CDS: off
MetaspaceReclaimPolicy: balanced
 - commit_granule_bytes: 65536.
 - commit_granule_words: 8192.
 - virtual_space_node_default_size: 8388608.
 - enlarge_chunks_in_place: 1.
 - new_chunks_are_fully_committed: 0.
 - uncommit_free_chunks: 1.
 - use_allocation_guard: 0.


Internal statistics:

num_allocs_failed_limit: 0.
num_arena_births: 6.
num_arena_deaths: 0.
num_vsnodes_births: 2.
num_vsnodes_deaths: 0.
num_space_committed: 102.
num_space_uncommitted: 0.
num_chunks_returned_to_freelist: 0.
num_chunks_taken_from_freelist: 18.
num_chunk_merges: 0.
num_chunk_splits: 6.
num_chunks_enlarged: 2.
num_inconsistent_stats: 0.

CodeHeap 'non-profiled nmethods': size=120000Kb used=59Kb max_used=59Kb free=119940Kb
 bounds [0x000001b9263f0000, 0x000001b926660000, 0x000001b92d920000]
CodeHeap 'profiled nmethods': size=120000Kb used=221Kb max_used=221Kb free=119778Kb
 bounds [0x000001b91e920000, 0x000001b91eb90000, 0x000001b925e50000]
CodeHeap 'non-nmethods': size=5760Kb used=1200Kb max_used=1211Kb free=4559Kb
 bounds [0x000001b925e50000, 0x000001b9260c0000, 0x000001b9263f0000]
 total_blobs=584 nmethods=204 adapters=291
 compilation: enabled
              stopped_count=0, restarted_count=0
 full_count=0

Compilation events (20 events):
Event: 0.124 Thread 0x000001b93948d4b0  191       3       java.util.Optional::ofNullable (19 bytes)
Event: 0.125 Thread 0x000001b93948d4b0 nmethod 191 0x000001b91e955610 code [0x000001b91e9557c0, 0x000001b91e955a78]
Event: 0.125 Thread 0x000001b93948d4b0  197       3       java.util.HashSet::<init> (16 bytes)
Event: 0.125 Thread 0x000001b93948d4b0 nmethod 197 0x000001b91e955b90 code [0x000001b91e955d60, 0x000001b91e956158]
Event: 0.125 Thread 0x000001b93948d4b0  194       1       java.lang.module.ModuleDescriptor$Version::toString (5 bytes)
Event: 0.125 Thread 0x000001b93948d4b0 nmethod 194 0x000001b9263fe090 code [0x000001b9263fe220, 0x000001b9263fe2d8]
Event: 0.125 Thread 0x000001b93948d4b0  199       3       java.util.ImmutableCollections$Set12::iterator (9 bytes)
Event: 0.125 Thread 0x000001b93948d4b0 nmethod 199 0x000001b91e956310 code [0x000001b91e9564c0, 0x000001b91e956798]
Event: 0.125 Thread 0x000001b93948d4b0  200       3       java.util.ImmutableCollections$Set12$1::<init> (32 bytes)
Event: 0.125 Thread 0x000001b93948d4b0 nmethod 200 0x000001b91e956890 code [0x000001b91e956a40, 0x000001b91e956c78]
Event: 0.125 Thread 0x000001b93948d4b0  201       1       java.lang.module.ModuleDescriptor::isOpen (5 bytes)
Event: 0.125 Thread 0x000001b93948d4b0 nmethod 201 0x000001b9263fe390 code [0x000001b9263fe520, 0x000001b9263fe5f8]
Event: 0.125 Thread 0x000001b93948d4b0  204       3       java.lang.module.ResolvedModule::name (11 bytes)
Event: 0.125 Thread 0x000001b93948d4b0 nmethod 204 0x000001b91e956d90 code [0x000001b91e956f40, 0x000001b91e957098]
Event: 0.125 Thread 0x000001b93948d4b0  202       1       java.lang.module.ResolvedModule::configuration (5 bytes)
Event: 0.125 Thread 0x000001b93948d4b0 nmethod 202 0x000001b9263fe690 code [0x000001b9263fe820, 0x000001b9263fe8d8]
Event: 0.125 Thread 0x000001b93948d4b0  203       1       java.util.HashMap::size (5 bytes)
Event: 0.125 Thread 0x000001b93948d4b0 nmethod 203 0x000001b9263fe990 code [0x000001b9263feb20, 0x000001b9263febd8]
Event: 0.125 Thread 0x000001b93948d4b0  205       1       java.lang.module.ModuleDescriptor$Provides::service (5 bytes)
Event: 0.125 Thread 0x000001b93948d4b0 nmethod 205 0x000001b9263fec90 code [0x000001b9263fee20, 0x000001b9263feed8]

GC Heap History (0 events):
No events

Dll operation events (4 events):
Event: 0.006 Loaded shared library C:\Program Files\Java\jdk-19\bin\java.dll
Event: 0.026 Loaded shared library C:\Program Files\Java\jdk-19\bin\jsvml.dll
Event: 0.114 Loaded shared library C:\Program Files\Java\jdk-19\bin\net.dll
Event: 0.115 Loaded shared library C:\Program Files\Java\jdk-19\bin\nio.dll

Deoptimization events (0 events):
No events

Classes loaded (20 events):
Event: 0.123 Loading class jdk/internal/module/ModuleLoaderMap$Mapper done
Event: 0.123 Loading class jdk/internal/module/ModuleLoaderMap$Modules
Event: 0.123 Loading class jdk/internal/module/ModuleLoaderMap$Modules done
Event: 0.125 Loading class jdk/internal/loader/AbstractClassLoaderValue$Memoizer
Event: 0.125 Loading class jdk/internal/loader/AbstractClassLoaderValue$Memoizer done
Event: 0.125 Loading class jdk/internal/module/ServicesCatalog$ServiceProvider
Event: 0.125 Loading class jdk/internal/module/ServicesCatalog$ServiceProvider done
Event: 0.125 Loading class java/util/concurrent/CopyOnWriteArrayList
Event: 0.126 Loading class java/util/concurrent/CopyOnWriteArrayList done
Event: 0.126 Loading class java/lang/ModuleLayer$Controller
Event: 0.126 Loading class java/lang/ModuleLayer$Controller done
Event: 0.126 Loading class jdk/internal/module/ModuleBootstrap$SafeModuleFinder
Event: 0.126 Loading class jdk/internal/module/ModuleBootstrap$SafeModuleFinder done
Event: 0.126 Loading class java/lang/invoke/StringConcatFactory
Event: 0.127 Loading class java/lang/invoke/StringConcatFactory done
Event: 0.127 Loading class jdk/internal/vm/PostVMInitHook
Event: 0.127 Loading class jdk/internal/vm/PostVMInitHook done
Event: 0.127 Loading class java/util/Locale
Event: 0.127 Loading class java/util/Locale done
Event: 0.127 Loading class sun/util/locale/BaseLocale

Classes unloaded (0 events):
No events

Classes redefined (0 events):
No events

Internal exceptions (4 events):
Event: 0.116 Thread 0x000001b9169b6330 Exception <a 'sun/nio/fs/WindowsException'{0x000000008bc5eec8}> (0x000000008bc5eec8) 
thrown [s\open\src\hotspot\share\prims\jni.cpp, line 517]
Event: 0.117 Thread 0x000001b9169b6330 Exception <a 'sun/nio/fs/WindowsException'{0x000000008bc5f480}> (0x000000008bc5f480) 
thrown [s\open\src\hotspot\share\prims\jni.cpp, line 517]
Event: 0.117 Thread 0x000001b9169b6330 Exception <a 'sun/nio/fs/WindowsException'{0x000000008bc61a48}> (0x000000008bc61a48) 
thrown [s\open\src\hotspot\share\prims\jni.cpp, line 517]
Event: 0.118 Thread 0x000001b9169b6330 Exception <a 'sun/nio/fs/WindowsException'{0x000000008bc625f8}> (0x000000008bc625f8) 
thrown [s\open\src\hotspot\share\prims\jni.cpp, line 517]

VM Operations (2 events):
Event: 0.119 Executing VM operation: HandshakeAllThreads
Event: 0.119 Executing VM operation: HandshakeAllThreads done

Events (12 events):
Event: 0.026 Thread 0x000001b9169b6330 Thread added: 0x000001b9169b6330
Event: 0.040 Thread 0x000001b93506cd20 Thread added: 0x000001b93506cd20
Event: 0.040 Thread 0x000001b93506d740 Thread added: 0x000001b93506d740
Event: 0.041 Thread 0x000001b939469750 Thread added: 0x000001b939469750
Event: 0.041 Thread 0x000001b93944f3e0 Thread added: 0x000001b93944f3e0
Event: 0.041 Thread 0x000001b93944fd10 Thread added: 0x000001b93944fd10
Event: 0.041 Thread 0x000001b939450640 Thread added: 0x000001b939450640
Event: 0.041 Thread 0x000001b93946c2a0 Thread added: 0x000001b93946c2a0
Event: 0.041 Thread 0x000001b93948d4b0 Thread added: 0x000001b93948d4b0
Event: 0.042 Thread 0x000001b939490e40 Thread added: 0x000001b939490e40
Event: 0.097 Thread 0x000001b93962c5a0 Thread added: 0x000001b93962c5a0
Event: 0.127 Thread 0x000001b93962b5b0 Thread added: 0x000001b93962b5b0


Dynamic libraries:
0x00007ff6dd8d0000 - 0x00007ff6dd8e0000 	C:\Program Files\Java\jdk-19\bin\java.exe
0x00007ffff7530000 - 0x00007ffff7744000 	C:\WINDOWS\SYSTEM32\ntdll.dll
0x00007ffff5c30000 - 0x00007ffff5cf4000 	C:\WINDOWS\System32\KERNEL32.DLL
0x00007ffff4b20000 - 0x00007ffff4ec4000 	C:\WINDOWS\System32\KERNELBASE.dll
0x00007ffff5090000 - 0x00007ffff51a1000 	C:\WINDOWS\System32\ucrtbase.dll
0x00007fffe30d0000 - 0x00007fffe30e8000 	C:\Program Files\Java\jdk-19\bin\jli.dll
0x00007ffff7170000 - 0x00007ffff7220000 	C:\WINDOWS\System32\ADVAPI32.dll
0x00007fffec490000 - 0x00007fffec4ab000 	C:\Program Files\Java\jdk-19\bin\VCRUNTIME140.dll
0x00007ffff6080000 - 0x00007ffff6127000 	C:\WINDOWS\System32\msvcrt.dll
0x00007ffff64a0000 - 0x00007ffff6546000 	C:\WINDOWS\System32\sechost.dll
0x00007ffff5940000 - 0x00007ffff5a57000 	C:\WINDOWS\System32\RPCRT4.dll
0x00007ffff5a60000 - 0x00007ffff5c0a000 	C:\WINDOWS\System32\USER32.dll
0x00007ffff4af0000 - 0x00007ffff4b16000 	C:\WINDOWS\System32\win32u.dll
0x00007ffff5fc0000 - 0x00007ffff5fe9000 	C:\WINDOWS\System32\GDI32.dll
0x00007fffe1a90000 - 0x00007fffe1d1f000 	C:\WINDOWS\WinSxS\amd64_microsoft.windows.common-controls_6595b64144ccf1df_6.0.22621.2070_none_2713e6537381f706\COMCTL32.dll
0x00007ffff4f70000 - 0x00007ffff5089000 	C:\WINDOWS\System32\gdi32full.dll
0x00007ffff4ed0000 - 0x00007ffff4f6a000 	C:\WINDOWS\System32\msvcp_win.dll
0x00007fffee300000 - 0x00007fffee30a000 	C:\WINDOWS\SYSTEM32\VERSION.dll
0x00007ffff73f0000 - 0x00007ffff7421000 	C:\WINDOWS\System32\IMM32.DLL
0x00007fffee7a0000 - 0x00007fffee7ac000 	C:\Program Files\Java\jdk-19\bin\vcruntime140_1.dll
0x00007fffd09e0000 - 0x00007fffd0a6e000 	C:\Program Files\Java\jdk-19\bin\msvcp140.dll
0x00007fff911e0000 - 0x00007fff91ea0000 	C:\Program Files\Java\jdk-19\bin\server\jvm.dll
0x00007fffe30c0000 - 0x00007fffe30c9000 	C:\WINDOWS\SYSTEM32\WSOCK32.dll
0x00007fffee6d0000 - 0x00007fffee704000 	C:\WINDOWS\SYSTEM32\WINMM.dll
0x00007ffff5ff0000 - 0x00007ffff6061000 	C:\WINDOWS\System32\WS2_32.dll
0x00007ffff3a40000 - 0x00007ffff3a58000 	C:\WINDOWS\SYSTEM32\kernel.appcore.dll
0x00007fffece10000 - 0x00007fffece1a000 	C:\Program Files\Java\jdk-19\bin\jimage.dll
0x00007ffff20c0000 - 0x00007ffff22ee000 	C:\WINDOWS\SYSTEM32\DBGHELP.DLL
0x00007ffff6550000 - 0x00007ffff68da000 	C:\WINDOWS\System32\combase.dll
0x00007ffff5e00000 - 0x00007ffff5ed7000 	C:\WINDOWS\System32\OLEAUT32.dll
0x00007fffed470000 - 0x00007fffed4a2000 	C:\WINDOWS\SYSTEM32\dbgcore.DLL
0x00007ffff5270000 - 0x00007ffff52ea000 	C:\WINDOWS\System32\bcryptPrimitives.dll
0x00007fffe8120000 - 0x00007fffe8146000 	C:\Program Files\Java\jdk-19\bin\java.dll
0x00007fffa6480000 - 0x00007fffa6557000 	C:\Program Files\Java\jdk-19\bin\jsvml.dll
0x00007ffff6950000 - 0x00007ffff7166000 	C:\WINDOWS\System32\SHELL32.dll
0x00007ffff28f0000 - 0x00007ffff31da000 	C:\WINDOWS\SYSTEM32\windows.storage.dll
0x00007ffff27b0000 - 0x00007ffff28ee000 	C:\WINDOWS\SYSTEM32\wintypes.dll
0x00007ffff5d00000 - 0x00007ffff5df3000 	C:\WINDOWS\System32\SHCORE.dll
0x00007ffff7430000 - 0x00007ffff748e000 	C:\WINDOWS\System32\shlwapi.dll
0x00007ffff4840000 - 0x00007ffff4866000 	C:\WINDOWS\SYSTEM32\profapi.dll
0x00007fffe3430000 - 0x00007fffe3443000 	C:\Program Files\Java\jdk-19\bin\net.dll
0x00007fffef860000 - 0x00007fffef997000 	C:\WINDOWS\SYSTEM32\WINHTTP.dll
0x00007ffff3ec0000 - 0x00007ffff3f29000 	C:\WINDOWS\system32\mswsock.dll
0x00007fffe33c0000 - 0x00007fffe33d6000 	C:\Program Files\Java\jdk-19\bin\nio.dll

dbghelp: loaded successfully - version: 4.0.5 - missing functions: none
symbol engine: initialized successfully - sym options: 0x614 - pdb path: .;C:\Program Files\Java\jdk-19\bin;C:\WINDOWS\SYSTEM32;C:\WINDOWS\WinSxS\amd64_microsoft.windows.common-controls_6595b64144ccf1df_6.0.22621.2070_none_2713e6537381f706;C:\Program Files\Java\jdk-19\bin\server

VM Arguments:
jvm_args: -Dfile.encoding=UTF-8 --module-path=C:\Users\Dell\OneDrive\Documents\NetBeansProjects\Traffic Management System\build\classes 
java_command: traffic.management.system.AddPerson
java_class_path (initial): C:\Users\Dell\OneDrive\Desktop\mysql-connector-java-8.0.28.jar;C:\Users\Dell\OneDrive\Documents\NetBeansProjects\Traffic Management System\build\classes
Launcher Type: SUN_STANDARD

[Global flags]
     intx CICompilerCount                          = 4                                         {product} {ergonomic}
     uint ConcGCThreads                            = 2                                         {product} {ergonomic}
     uint G1ConcRefinementThreads                  = 8                                         {product} {ergonomic}
   size_t G1HeapRegionSize                         = 1048576                                   {product} {ergonomic}
    uintx GCDrainStackTargetSize                   = 64                                        {product} {ergonomic}
   size_t InitialHeapSize                          = 130023424                                 {product} {ergonomic}
   size_t MarkStackSize                            = 4194304                                   {product} {ergonomic}
   size_t MaxHeapSize                              = 2078277632                                {product} {ergonomic}
   size_t MaxNewSize                               = 1246756864                                {product} {ergonomic}
   size_t MinHeapDeltaBytes                        = 1048576                                   {product} {ergonomic}
   size_t MinHeapSize                              = 8388608                                   {product} {ergonomic}
    uintx NonNMethodCodeHeapSize                   = 5839372                                {pd product} {ergonomic}
    uintx NonProfiledCodeHeapSize                  = 122909434                              {pd product} {ergonomic}
    uintx ProfiledCodeHeapSize                     = 122909434                              {pd product} {ergonomic}
    uintx ReservedCodeCacheSize                    = 251658240                              {pd product} {ergonomic}
     bool SegmentedCodeCache                       = true                                      {product} {ergonomic}
   size_t SoftMaxHeapSize                          = 2078277632                             {manageable} {ergonomic}
     bool UseCompressedClassPointers               = true                           {product lp64_product} {ergonomic}
     bool UseCompressedOops                        = true                           {product lp64_product} {ergonomic}
     bool UseG1GC                                  = true                                      {product} {ergonomic}
     bool UseLargePagesIndividualAllocation        = false                                  {pd product} {ergonomic}

Logging:
Log output configuration:
 #0: stdout all=warning uptime,level,tags foldmultilines=false
 #1: stderr all=off uptime,level,tags foldmultilines=false

Environment Variables:
PATH=C:\Program Files\Common Files\Oracle\Java\javapath;C:\Windows\system32;C:\Windows;C:\Windows\System32\Wbem;C:\Windows\System32\WindowsPowerShell\v1.0\;C:\Windows\System32\OpenSSH\;C:\Program Files\NVIDIA Corporation\NVIDIA NvDLISR;C:\Program Files\dotnet\;C:\WINDOWS\system32;C:\WINDOWS;C:\WINDOWS\System32\Wbem;C:\WINDOWS\System32\WindowsPowerShell\v1.0\;C:\WINDOWS\System32\OpenSSH\;c:\Xilinx\bin\nt;C:\MinGW\bin;C:\Program Files\MySQL\MySQL Shell 8.0\bin\;C:\Users\Dell\AppData\Local\Microsoft\WindowsApps;C:\Users\Dell\AppData\Local\Programs\Microsoft VS Code\bin;C:\MinGW\bin;;C:\Program Files\JetBrains\IntelliJ IDEA Community Edition 2023.1.1\bin;
USERNAME=Dell
OS=Windows_NT
PROCESSOR_IDENTIFIER=Intel64 Family 6 Model 140 Stepping 1, GenuineIntel
TMP=C:\Users\Dell\AppData\Local\Temp
TEMP=C:\Users\Dell\AppData\Local\Temp



---------------  S Y S T E M  ---------------

OS:
 Windows 11 , 64 bit Build 22621 (10.0.22621.2070)
OS uptime: 14 days 4:15 hours

CPU: total 8 (initial active 8) (4 cores per cpu, 2 threads per core) family 6 model 140 stepping 1 microcode 0xa4, cx8, cmov, fxsr, ht, mmx, 3dnowpref, sse, sse2, sse3, ssse3, sse4.1, sse4.2, popcnt, lzcnt, tsc, tscinvbit, avx, avx2, aes, erms, clmul, bmi1, bmi2, adx, avx512f, avx512dq, avx512cd, avx512bw, avx512vl, sha, fma, vzeroupper, avx512_vpopcntdq, avx512_vpclmulqdq, avx512_vaes, avx512_vnni, clflush, clflushopt, clwb, avx512_vbmi2, avx512_vbmi, rdtscp, rdpid, fsrm, gfni, avx512_bitalg

Memory: 4k page, system-wide physical 7926M (532M free)
TotalPageFile size 32502M (AvailPageFile size 4M)
current process WorkingSet (physical memory assigned to process): 32M, peak: 32M
current process commit charge ("private bytes"): 202M, peak: 202M

vm_info: Java HotSpot(TM) 64-Bit Server VM (19.0.2+7-44) for windows-amd64 JRE (19.0.2+7-44), built on 2022-11-30T18:02:09Z by "mach5one" with MS VC++ 17.1 (VS2022)

END.
